#
# There is insufficient memory for the Java Runtime Environment to continue.
# Native memory allocation (malloc) failed to allocate 299136 bytes for Chunk::new
# Possible reasons:
#   The system is out of physical RAM or swap space
#   The process is running with CompressedOops enabled, and the Java Heap may be blocking the growth of the native heap
# Possible solutions:
#   Reduce memory load on the system
#   Increase physical memory or swap space
#   Check if swap backing store is full
#   Decrease Java heap size (-Xmx/-Xms)
#   Decrease number of Java threads
#   Decrease Java thread stack sizes (-Xss)
#   Set larger code cache with -XX:ReservedCodeCacheSize=
#   JVM is running with Zero Based Compressed Oops mode in which the Java heap is
#     placed in the first 32GB address space. The Java Heap base address is the
#     maximum limit for the native heap growth. Please use -XX:HeapBaseMinAddress
#     to set the Java Heap base and to place the Java Heap above 32GB virtual address.
# This output file may be truncated or incomplete.
#
#  Out of Memory Error (allocation.cpp:389), pid=7696, tid=0x0000000000001e88
#
# JRE version: Java(TM) SE Runtime Environment (8.0_202-b08) (build 1.8.0_202-b08)
# Java VM: Java HotSpot(TM) 64-Bit Server VM (25.202-b08 mixed mode windows-amd64 compressed oops)
# Failed to write core dump. Call to MiniDumpWriteDump() failed (Error 0x800705af: 页面文件太小，无法完成操作。
)
#

---------------  T H R E A D  ---------------

Current thread (0x000000001fe1a000):  JavaThread "C2 CompilerThread0" daemon [_thread_in_native, id=7816, stack(0x0000000020ef0000,0x0000000020ff0000)]

Stack: [0x0000000020ef0000,0x0000000020ff0000]
[error occurred during error reporting (printing stack bounds), id 0xc0000005]

Native frames: (J=compiled Java code, j=interpreted, Vv=VM code, C=native code)


Current CompileTask:
C2:1428276 17201  s    4       java.security.Provider::getService (92 bytes)


---------------  P R O C E S S  ---------------

Java Threads: ( => current thread )
  0x0000000020465800 JavaThread "Okio Watchdog" daemon [_thread_blocked, id=1904, stack(0x0000000041520000,0x0000000041620000)]
  0x0000000020465000 JavaThread "OkHttp ConnectionPool" daemon [_thread_blocked, id=6708, stack(0x0000000041420000,0x0000000041520000)]
  0x0000000026972800 JavaThread "PollingServerListUpdater-1" daemon [_thread_blocked, id=4268, stack(0x000000003e320000,0x000000003e420000)]
  0x000000002696a800 JavaThread "RibbonApacheHttpClientConfiguration.connectionManagerTimer" daemon [_thread_blocked, id=1076, stack(0x000000003e220000,0x000000003e320000)]
  0x0000000026971000 JavaThread "DataPublisher" daemon [_thread_blocked, id=7852, stack(0x000000003e120000,0x000000003e220000)]
  0x0000000026970800 JavaThread "PollingServerListUpdater-0" daemon [_thread_blocked, id=5052, stack(0x000000003e020000,0x000000003e120000)]
  0x000000002696e000 JavaThread "Keep-Alive-Timer" daemon [_thread_blocked, id=9332, stack(0x000000003dd20000,0x000000003de20000)]
  0x0000000026968000 JavaThread "logback-8" daemon [_thread_blocked, id=6644, stack(0x000000003db20000,0x000000003dc20000)]
  0x000000002696f000 JavaThread "logback-7" daemon [_thread_blocked, id=1592, stack(0x000000003da20000,0x000000003db20000)]
  0x0000000026966800 JavaThread "logback-6" daemon [_thread_blocked, id=7716, stack(0x000000003d920000,0x000000003da20000)]
  0x0000000026967800 JavaThread "logback-5" daemon [_thread_blocked, id=5288, stack(0x000000003d820000,0x000000003d920000)]
  0x0000000026969000 JavaThread "logback-4" daemon [_thread_blocked, id=9192, stack(0x000000003d720000,0x000000003d820000)]
  0x000000002696b000 JavaThread "logback-3" daemon [_thread_blocked, id=9128, stack(0x000000003d420000,0x000000003d520000)]
  0x000000002ac2b800 JavaThread "logback-2" daemon [_thread_blocked, id=8992, stack(0x000000003d120000,0x000000003d220000)]
  0x000000002ac2b000 JavaThread "com.alibaba.nacos.client.naming.updater" daemon [_thread_blocked, id=8984, stack(0x000000003d020000,0x000000003d120000)]
  0x000000002ac23800 JavaThread "com.alibaba.nacos.naming.beat.sender" daemon [_thread_blocked, id=8960, stack(0x000000003cf20000,0x000000003d020000)]
  0x000000002ac2a000 JavaThread "com.alibaba.nacos.client.naming.updater" daemon [_thread_blocked, id=8812, stack(0x000000003cc20000,0x000000003cd20000)]
  0x000000002ac29800 JavaThread "com.alibaba.nacos.naming.beat.sender" daemon [_thread_blocked, id=8808, stack(0x000000003cb20000,0x000000003cc20000)]
  0x000000002ac28800 JavaThread "com.alibaba.nacos.naming.beat.sender" daemon [_thread_blocked, id=8784, stack(0x000000003ca20000,0x000000003cb20000)]
  0x000000002ac25800 JavaThread "DestroyJavaVM" [_thread_blocked, id=7740, stack(0x0000000003130000,0x0000000003230000)]
  0x000000002ac21000 JavaThread "lettuce-eventExecutorLoop-1-8" daemon [_thread_blocked, id=8668, stack(0x000000003c720000,0x000000003c820000)]
  0x000000002ac26800 JavaThread "lettuce-eventExecutorLoop-1-7" daemon [_thread_blocked, id=8664, stack(0x000000003c620000,0x000000003c720000)]
  0x000000002ac28000 JavaThread "lettuce-eventExecutorLoop-1-6" daemon [_thread_blocked, id=8660, stack(0x000000003c520000,0x000000003c620000)]
  0x000000002ac27000 JavaThread "lettuce-eventExecutorLoop-1-5" daemon [_thread_blocked, id=8656, stack(0x000000003c420000,0x000000003c520000)]
  0x000000002ac25000 JavaThread "lettuce-eventExecutorLoop-1-4" daemon [_thread_blocked, id=8652, stack(0x000000003c320000,0x000000003c420000)]
  0x000000002ac1f000 JavaThread "lettuce-eventExecutorLoop-1-3" daemon [_thread_blocked, id=8648, stack(0x000000003c220000,0x000000003c320000)]
  0x000000002ac1d800 JavaThread "SimplePauseDetectorThread_2" daemon [_thread_blocked, id=8644, stack(0x000000003c120000,0x000000003c220000)]
  0x000000002ac1e000 JavaThread "SimplePauseDetectorThread_1" daemon [_thread_blocked, id=8640, stack(0x000000003c020000,0x000000003c120000)]
  0x000000002ac22800 JavaThread "SimplePauseDetectorThread_0" daemon [_thread_blocked, id=8636, stack(0x000000003bf20000,0x000000003c020000)]
  0x000000002ac20800 JavaThread "Thread-27" daemon [_thread_blocked, id=8632, stack(0x000000003be20000,0x000000003bf20000)]
  0x000000002ac1f800 JavaThread "lettuce-eventExecutorLoop-1-2" daemon [_thread_blocked, id=8628, stack(0x000000003bd20000,0x000000003be20000)]
  0x000000002ac22000 JavaThread "lettuce-nioEventLoop-4-1" daemon [_thread_in_native, id=8624, stack(0x000000003ac10000,0x000000003ad10000)]
  0x000000002ac24000 JavaThread "com.alibaba.nacos.client.naming.updater" daemon [_thread_blocked, id=8620, stack(0x000000003ab10000,0x000000003ac10000)]
  0x0000000026149000 JavaThread "com.alibaba.nacos.naming.beat.sender" daemon [_thread_blocked, id=8564, stack(0x000000003a340000,0x000000003a440000)]
  0x0000000026148800 JavaThread "http-nio-9002-Acceptor" daemon [_thread_in_native, id=8560, stack(0x000000003a240000,0x000000003a340000)]
  0x0000000026147800 JavaThread "http-nio-9002-ClientPoller" daemon [_thread_in_native, id=8556, stack(0x000000003a140000,0x000000003a240000)]
  0x000000002614d800 JavaThread "http-nio-9002-exec-10" daemon [_thread_blocked, id=8552, stack(0x000000003a040000,0x000000003a140000)]
  0x0000000026147000 JavaThread "http-nio-9002-exec-9" daemon [_thread_blocked, id=8548, stack(0x0000000039f40000,0x000000003a040000)]
  0x000000002614a800 JavaThread "http-nio-9002-exec-8" daemon [_thread_blocked, id=8544, stack(0x0000000039e40000,0x0000000039f40000)]
  0x000000002614c000 JavaThread "http-nio-9002-exec-7" daemon [_thread_in_native, id=8540, stack(0x0000000039d40000,0x0000000039e40000)]
  0x000000002614b800 JavaThread "http-nio-9002-exec-6" daemon [_thread_blocked, id=8536, stack(0x0000000039c40000,0x0000000039d40000)]
  0x0000000026146000 JavaThread "http-nio-9002-exec-5" daemon [_thread_blocked, id=8532, stack(0x0000000039b40000,0x0000000039c40000)]
  0x000000002614d000 JavaThread "http-nio-9002-exec-4" daemon [_thread_blocked, id=8528, stack(0x0000000039a40000,0x0000000039b40000)]
  0x000000002613e800 JavaThread "http-nio-9002-exec-3" daemon [_thread_blocked, id=8524, stack(0x0000000039940000,0x0000000039a40000)]
  0x0000000026145800 JavaThread "http-nio-9002-exec-2" daemon [_thread_blocked, id=8520, stack(0x0000000039840000,0x0000000039940000)]
  0x0000000026144800 JavaThread "http-nio-9002-exec-1" daemon [_thread_blocked, id=8516, stack(0x0000000038700000,0x0000000038800000)]
  0x0000000026141000 JavaThread "http-nio-9002-BlockPoller" daemon [_thread_in_native, id=8512, stack(0x0000000038600000,0x0000000038700000)]
  0x0000000026142800 JavaThread "Nacos-Watch-Task-Scheduler-1" [_thread_blocked, id=8508, stack(0x00000000374c0000,0x00000000375c0000)]
  0x0000000026143000 JavaThread "com.alibaba.nacos.client.naming.updater" daemon [_thread_blocked, id=8504, stack(0x00000000373c0000,0x00000000374c0000)]
  0x0000000026140000 JavaThread "com.alibaba.nacos.client.identify.watcher.0" daemon [_thread_blocked, id=8496, stack(0x00000000372c0000,0x00000000373c0000)]
  0x00000000298e2000 JavaThread "Alicloud Unmanaged Report Thread" daemon [_thread_blocked, id=8320, stack(0x0000000036730000,0x0000000036830000)]
  0x00000000298e1000 JavaThread "nacos.publisher-com.alibaba.nacos.client.naming.event.InstancesChangeEvent" daemon [_thread_blocked, id=8308, stack(0x0000000036630000,0x0000000036730000)]
  0x00000000298df000 JavaThread "nacos.publisher-com.alibaba.nacos.common.notify.SlowEvent" daemon [_thread_blocked, id=8304, stack(0x0000000036530000,0x0000000036630000)]
  0x00000000298d9800 JavaThread "com.alibaba.nacos.naming.push.receiver" daemon [_thread_in_native, id=8300, stack(0x0000000036430000,0x0000000036530000)]
  0x00000000298dd800 JavaThread "com.alibaba.nacos.naming.failover" daemon [_thread_blocked, id=8296, stack(0x0000000036330000,0x0000000036430000)]
  0x00000000298de000 JavaThread "com.alibaba.nacos.client.naming.updater" daemon [_thread_blocked, id=8292, stack(0x0000000036230000,0x0000000036330000)]
  0x00000000298dc800 JavaThread "com.alibaba.nacos.client.naming.updater" daemon [_thread_blocked, id=8288, stack(0x0000000036130000,0x0000000036230000)]
  0x00000000298e0800 JavaThread "logback-1" daemon [_thread_blocked, id=8284, stack(0x0000000035e70000,0x0000000035f70000)]
  0x00000000298df800 JavaThread "spring.cloud.inetutils" daemon [_thread_blocked, id=8280, stack(0x0000000035990000,0x0000000035a90000)]
  0x00000000298da800 JavaThread "idle_connection_reaper" daemon [_thread_blocked, id=8272, stack(0x0000000035890000,0x0000000035990000)]
  0x00000000298dc000 JavaThread "NettyClientWorkerThread_2" [_thread_blocked, id=8268, stack(0x0000000034780000,0x0000000034880000)]
  0x00000000298d6000 JavaThread "NettyClientWorkerThread_2" [_thread_blocked, id=8264, stack(0x0000000033670000,0x0000000033770000)]
  0x00000000298db000 JavaThread "I/O dispatcher 8" [_thread_in_native, id=8260, stack(0x0000000033570000,0x0000000033670000)]
  0x00000000298d7800 JavaThread "I/O dispatcher 7" [_thread_in_native, id=8256, stack(0x0000000033470000,0x0000000033570000)]
  0x00000000298d3000 JavaThread "I/O dispatcher 6" [_thread_in_native, id=8252, stack(0x0000000033370000,0x0000000033470000)]
  0x00000000298d5000 JavaThread "I/O dispatcher 5" [_thread_in_native, id=8248, stack(0x0000000033270000,0x0000000033370000)]
  0x00000000298d9000 JavaThread "I/O dispatcher 4" [_thread_in_native, id=8244, stack(0x0000000032f50000,0x0000000033050000)]
  0x00000000298d6800 JavaThread "I/O dispatcher 3" [_thread_in_native, id=8240, stack(0x0000000032e50000,0x0000000032f50000)]
  0x00000000298d4800 JavaThread "I/O dispatcher 2" [_thread_in_native, id=8236, stack(0x0000000032d50000,0x0000000032e50000)]
  0x00000000298d3800 JavaThread "I/O dispatcher 1" [_thread_in_native, id=8232, stack(0x00000000328e0000,0x00000000329e0000)]
  0x00000000298d8000 JavaThread "pool-2-thread-1" [_thread_in_native, id=8228, stack(0x00000000327e0000,0x00000000328e0000)]
  0x0000000020721000 JavaThread "NettyClientWorkerThread_1" [_thread_blocked, id=8216, stack(0x000000002e5a0000,0x000000002e6a0000)]
  0x0000000020720800 JavaThread "NettyClientWorkerThread_1" [_thread_blocked, id=8212, stack(0x000000002e4a0000,0x000000002e5a0000)]
  0x0000000020726800 JavaThread "NettyClientSelector_1" [_thread_in_native, id=8208, stack(0x000000002e3a0000,0x000000002e4a0000)]
  0x0000000020724000 JavaThread "NettyClientSelector_1" [_thread_in_native, id=8204, stack(0x000000002e2a0000,0x000000002e3a0000)]
  0x0000000020723800 JavaThread "MQ-AsyncTraceDispatcher-Thread-96289517-04dd-4aef-8571-abac5c16a94c" daemon [_thread_blocked, id=8200, stack(0x000000002e1a0000,0x000000002e2a0000)]
  0x0000000020722800 JavaThread "RebalanceService" [_thread_blocked, id=8196, stack(0x000000002e0a0000,0x000000002e1a0000)]
  0x0000000020726000 JavaThread "PullMessageService" [_thread_blocked, id=7604, stack(0x000000002dfa0000,0x000000002e0a0000)]
  0x0000000020722000 JavaThread "MQClientFactoryScheduledThread" [_thread_blocked, id=7980, stack(0x000000002dea0000,0x000000002dfa0000)]
  0x0000000020725000 JavaThread "RequestHouseKeepingService" daemon [_thread_blocked, id=7848, stack(0x000000002dda0000,0x000000002dea0000)]
  0x0000000020719000 JavaThread "ClientHouseKeepingService" daemon [_thread_blocked, id=7692, stack(0x000000002dca0000,0x000000002dda0000)]
  0x0000000020719800 JavaThread "RebalanceService" [_thread_blocked, id=7688, stack(0x000000002dba0000,0x000000002dca0000)]
  0x000000002071f800 JavaThread "PullMessageService" [_thread_blocked, id=7684, stack(0x000000002daa0000,0x000000002dba0000)]
  0x000000002071f000 JavaThread "AsyncAppender-Dispatcher-Thread-10" daemon [_thread_blocked, id=6208, stack(0x000000002d9a0000,0x000000002daa0000)]
  0x0000000020718000 JavaThread "MQClientFactoryScheduledThread" [_thread_blocked, id=6160, stack(0x000000002d8a0000,0x000000002d9a0000)]
  0x000000002071e000 JavaThread "RequestHouseKeepingService" daemon [_thread_blocked, id=7568, stack(0x000000002d7a0000,0x000000002d8a0000)]
  0x000000002071d800 JavaThread "AsyncAppender-Dispatcher-Thread-8" daemon [_thread_blocked, id=6596, stack(0x000000002d6a0000,0x000000002d7a0000)]
  0x000000002071b000 JavaThread "ClientHouseKeepingService" daemon [_thread_blocked, id=7576, stack(0x000000002d460000,0x000000002d560000)]
  0x0000000020717800 JavaThread "AsyncAppender-Dispatcher-Thread-6" daemon [_thread_blocked, id=7588, stack(0x000000002cbe0000,0x000000002cce0000)]
  0x000000002071c800 JavaThread "RequestHouseKeepingService" daemon [_thread_blocked, id=7584, stack(0x000000002cae0000,0x000000002cbe0000)]
  0x000000002071c000 JavaThread "RequestHouseKeepingService" daemon [_thread_blocked, id=7592, stack(0x000000002c9e0000,0x000000002cae0000)]
  0x000000002071a800 JavaThread "lettuce-eventExecutorLoop-1-1" daemon [_thread_blocked, id=7596, stack(0x000000002c0b0000,0x000000002c1b0000)]
  0x00000000226e4800 JavaThread "Druid-ConnectionPool-Destroy-286559682" daemon [_thread_blocked, id=6704, stack(0x000000002bb50000,0x000000002bc50000)]
  0x00000000226e3000 JavaThread "Druid-ConnectionPool-Create-286559682" daemon [_thread_blocked, id=856, stack(0x000000002ba50000,0x000000002bb50000)]
  0x00000000226e7000 JavaThread "Druid-ConnectionPool-Destroy-1785536499" daemon [_thread_blocked, id=8184, stack(0x000000002a750000,0x000000002a850000)]
  0x00000000226e5800 JavaThread "Druid-ConnectionPool-Create-1785536499" daemon [_thread_blocked, id=8180, stack(0x00000000290d0000,0x00000000291d0000)]
  0x00000000226e1800 JavaThread "mysql-cj-abandoned-connection-cleanup" daemon [_thread_blocked, id=7992, stack(0x0000000028fd0000,0x00000000290d0000)]
  0x00000000226e2800 JavaThread "container-0" [_thread_blocked, id=7976, stack(0x00000000287b0000,0x00000000288b0000)]
  0x00000000226e0000 JavaThread "Catalina-utility-2" [_thread_blocked, id=7972, stack(0x0000000027440000,0x0000000027540000)]
  0x00000000226e6000 JavaThread "Catalina-utility-1" [_thread_blocked, id=7968, stack(0x0000000025d60000,0x0000000025e60000)]
  0x000000001ff4d800 JavaThread "Service Thread" daemon [_thread_blocked, id=7832, stack(0x0000000021330000,0x0000000021430000)]
  0x000000001febc000 JavaThread "C1 CompilerThread3" daemon [_thread_blocked, id=7828, stack(0x00000000211f0000,0x00000000212f0000)]
  0x000000001feb9000 JavaThread "C2 CompilerThread2" daemon [_thread_blocked, id=7824, stack(0x00000000210f0000,0x00000000211f0000)]
  0x000000001f21c000 JavaThread "C2 CompilerThread1" daemon [_thread_blocked, id=7820, stack(0x0000000020ff0000,0x00000000210f0000)]
=>0x000000001fe1a000 JavaThread "C2 CompilerThread0" daemon [_thread_in_native, id=7816, stack(0x0000000020ef0000,0x0000000020ff0000)]
  0x000000001fe19000 JavaThread "Monitor Ctrl-Break" daemon [_thread_in_native, id=7812, stack(0x0000000020df0000,0x0000000020ef0000)]
  0x000000001eebb800 JavaThread "Attach Listener" daemon [_thread_blocked, id=7800, stack(0x000000001f520000,0x000000001f620000)]
  0x000000001ee67000 JavaThread "Signal Dispatcher" daemon [_thread_blocked, id=7796, stack(0x000000001f420000,0x000000001f520000)]
  0x000000001d02b000 JavaThread "Finalizer" daemon [_thread_blocked, id=7792, stack(0x000000001f320000,0x000000001f420000)]
  0x000000001ee40800 JavaThread "Reference Handler" daemon [_thread_blocked, id=7788, stack(0x000000001f220000,0x000000001f320000)]

Other Threads:
  0x000000001d01d000 VMThread [stack: 0x000000001ed20000,0x000000001ee20000] [id=7776]
  0x000000001ffaa800 WatcherThread [stack: 0x0000000021430000,0x0000000021530000] [id=7836]

VM state:not at safepoint (normal execution)

VM Mutex/Monitor currently owned by a thread: None

heap address: 0x00000006c0000000, size: 4096 MB, Compressed Oops mode: Zero based, Oop shift amount: 3
Narrow klass base: 0x0000000000000000, Narrow klass shift: 3
Compressed class space size: 1073741824 Address: 0x00000007c0000000

Heap:
 PSYoungGen      total 1367552K, used 1184328K [0x000000076ab00000, 0x00000007c0000000, 0x00000007c0000000)
  eden space 1337344K, 88% used [0x000000076ab00000,0x00000007b2f92098,0x00000007bc500000)
  from space 30208K, 0% used [0x00000007bc500000,0x00000007bc500000,0x00000007be280000)
  to   space 30208K, 0% used [0x00000007be280000,0x00000007be280000,0x00000007c0000000)
 ParOldGen       total 184832K, used 67365K [0x00000006c0000000, 0x00000006cb480000, 0x000000076ab00000)
  object space 184832K, 36% used [0x00000006c0000000,0x00000006c41c9558,0x00000006cb480000)
 Metaspace       used 105189K, capacity 112273K, committed 112424K, reserved 1148928K
  class space    used 12644K, capacity 13827K, committed 13952K, reserved 1048576K

Card table byte_map: [0x00000000128c0000,0x00000000130d0000] byte_map_base: 0x000000000f2c0000

Marking Bits: (ParMarkBitMap*) 0x0000000067725ce0
 Begin Bits: [0x0000000013e30000, 0x0000000017e30000)
 End Bits:   [0x0000000017e30000, 0x000000001be30000)

Polling page: 0x00000000030e0000

CodeCache: size=245760Kb used=50342Kb max_used=50352Kb free=195417Kb
 bounds [0x0000000003500000, 0x0000000006680000, 0x0000000012500000]
 total_blobs=14698 nmethods=13973 adapters=634
 compilation: enabled

Compilation events (10 events):
Event: 1426.832 Thread 0x000000001febc000 nmethod 17196 0x0000000003db7090 code [0x0000000003db71e0, 0x0000000003db7330]
Event: 1426.833 Thread 0x000000001febc000 17197   !   3       org.apache.ibatis.logging.jdbc.PreparedStatementLogger::invoke (322 bytes)
Event: 1426.835 Thread 0x000000001febc000 nmethod 17197 0x000000000666f110 code [0x000000000666f600, 0x0000000006672d08]
Event: 1426.853 Thread 0x000000001feb9000 17198       4       java.util.EnumSet::of (16 bytes)
Event: 1426.857 Thread 0x000000001feb9000 nmethod 17198 0x00000000046d4590 code [0x00000000046d4780, 0x00000000046d4e28]
Event: 1427.330 Thread 0x000000001febc000 17199       3       sun.security.ssl.OutputRecord::useV2Hello (58 bytes)
Event: 1427.331 Thread 0x000000001febc000 nmethod 17199 0x000000000545f050 code [0x000000000545f1c0, 0x000000000545f4b0]
Event: 1427.356 Thread 0x000000001febc000 17200       3       sun.security.ssl.ExtensionType::get (69 bytes)
Event: 1427.357 Thread 0x000000001febc000 nmethod 17200 0x0000000006665f50 code [0x0000000006666180, 0x0000000006666e38]
Event: 1428.224 Thread 0x000000001fe1a000 17201  s    4       java.security.Provider::getService (92 bytes)

GC Heap History (10 events):
Event: 9.748 GC heap before
{Heap before GC invocations=11 (full 2):
 PSYoungGen      total 946176K, used 165377K [0x000000076ab00000, 0x00000007a7800000, 0x00000007c0000000)
  eden space 928256K, 15% used [0x000000076ab00000,0x0000000773b08598,0x00000007a3580000)
  from space 17920K, 99% used [0x00000007a4d00000,0x00000007a5e781d8,0x00000007a5e80000)
  to   space 24064K, 0% used [0x00000007a3580000,0x00000007a3580000,0x00000007a4d00000)
 ParOldGen       total 105984K, used 28648K [0x00000006c0000000, 0x00000006c6780000, 0x000000076ab00000)
  object space 105984K, 27% used [0x00000006c0000000,0x00000006c1bfa3f0,0x00000006c6780000)
 Metaspace       used 57350K, capacity 60029K, committed 60080K, reserved 1101824K
  class space    used 7287K, capacity 7771K, committed 7808K, reserved 1048576K
Event: 9.854 GC heap after
Heap after GC invocations=11 (full 2):
 PSYoungGen      total 952320K, used 15591K [0x000000076ab00000, 0x00000007c0000000, 0x00000007c0000000)
  eden space 928256K, 0% used [0x000000076ab00000,0x000000076ab00000,0x00000007a3580000)
  from space 24064K, 64% used [0x00000007a3580000,0x00000007a44b9fa0,0x00000007a4d00000)
  to   space 24576K, 0% used [0x00000007be800000,0x00000007be800000,0x00000007c0000000)
 ParOldGen       total 105984K, used 28729K [0x00000006c0000000, 0x00000006c6780000, 0x000000076ab00000)
  object space 105984K, 27% used [0x00000006c0000000,0x00000006c1c0e400,0x00000006c6780000)
 Metaspace       used 57350K, capacity 60029K, committed 60080K, reserved 1101824K
  class space    used 7287K, capacity 7771K, committed 7808K, reserved 1048576K
}
Event: 9.854 GC heap before
{Heap before GC invocations=12 (full 3):
 PSYoungGen      total 952320K, used 15591K [0x000000076ab00000, 0x00000007c0000000, 0x00000007c0000000)
  eden space 928256K, 0% used [0x000000076ab00000,0x000000076ab00000,0x00000007a3580000)
  from space 24064K, 64% used [0x00000007a3580000,0x00000007a44b9fa0,0x00000007a4d00000)
  to   space 24576K, 0% used [0x00000007be800000,0x00000007be800000,0x00000007c0000000)
 ParOldGen       total 105984K, used 28729K [0x00000006c0000000, 0x00000006c6780000, 0x000000076ab00000)
  object space 105984K, 27% used [0x00000006c0000000,0x00000006c1c0e400,0x00000006c6780000)
 Metaspace       used 57350K, capacity 60029K, committed 60080K, reserved 1101824K
  class space    used 7287K, capacity 7771K, committed 7808K, reserved 1048576K
Event: 10.054 GC heap after
Heap after GC invocations=12 (full 3):
 PSYoungGen      total 952320K, used 0K [0x000000076ab00000, 0x00000007c0000000, 0x00000007c0000000)
  eden space 928256K, 0% used [0x000000076ab00000,0x000000076ab00000,0x00000007a3580000)
  from space 24064K, 0% used [0x00000007a3580000,0x00000007a3580000,0x00000007a4d00000)
  to   space 24576K, 0% used [0x00000007be800000,0x00000007be800000,0x00000007c0000000)
 ParOldGen       total 124416K, used 27066K [0x00000006c0000000, 0x00000006c7980000, 0x000000076ab00000)
  object space 124416K, 21% used [0x00000006c0000000,0x00000006c1a6ea70,0x00000006c7980000)
 Metaspace       used 57350K, capacity 60029K, committed 60080K, reserved 1101824K
  class space    used 7287K, capacity 7771K, committed 7808K, reserved 1048576K
}
Event: 14.192 GC heap before
{Heap before GC invocations=13 (full 3):
 PSYoungGen      total 952320K, used 928256K [0x000000076ab00000, 0x00000007c0000000, 0x00000007c0000000)
  eden space 928256K, 100% used [0x000000076ab00000,0x00000007a3580000,0x00000007a3580000)
  from space 24064K, 0% used [0x00000007a3580000,0x00000007a3580000,0x00000007a4d00000)
  to   space 24576K, 0% used [0x00000007be800000,0x00000007be800000,0x00000007c0000000)
 ParOldGen       total 124416K, used 27066K [0x00000006c0000000, 0x00000006c7980000, 0x000000076ab00000)
  object space 124416K, 21% used [0x00000006c0000000,0x00000006c1a6ea70,0x00000006c7980000)
 Metaspace       used 75736K, capacity 79051K, committed 79184K, reserved 1118208K
  class space    used 9414K, capacity 10062K, committed 10112K, reserved 1048576K
Event: 14.271 GC heap after
Heap after GC invocations=13 (full 3):
 PSYoungGen      total 1361920K, used 24547K [0x000000076ab00000, 0x00000007c0000000, 0x00000007c0000000)
  eden space 1337344K, 0% used [0x000000076ab00000,0x000000076ab00000,0x00000007bc500000)
  from space 24576K, 99% used [0x00000007be800000,0x00000007bfff8de8,0x00000007c0000000)
  to   space 30208K, 0% used [0x00000007bc500000,0x00000007bc500000,0x00000007be280000)
 ParOldGen       total 124416K, used 32989K [0x00000006c0000000, 0x00000006c7980000, 0x000000076ab00000)
  object space 124416K, 26% used [0x00000006c0000000,0x00000006c2037660,0x00000006c7980000)
 Metaspace       used 75736K, capacity 79051K, committed 79184K, reserved 1118208K
  class space    used 9414K, capacity 10062K, committed 10112K, reserved 1048576K
}
Event: 33.738 GC heap before
{Heap before GC invocations=14 (full 3):
 PSYoungGen      total 1361920K, used 1191058K [0x000000076ab00000, 0x00000007c0000000, 0x00000007c0000000)
  eden space 1337344K, 87% used [0x000000076ab00000,0x00000007b1e2ba50,0x00000007bc500000)
  from space 24576K, 99% used [0x00000007be800000,0x00000007bfff8de8,0x00000007c0000000)
  to   space 30208K, 0% used [0x00000007bc500000,0x00000007bc500000,0x00000007be280000)
 ParOldGen       total 124416K, used 32989K [0x00000006c0000000, 0x00000006c7980000, 0x000000076ab00000)
  object space 124416K, 26% used [0x00000006c0000000,0x00000006c2037660,0x00000006c7980000)
 Metaspace       used 94485K, capacity 100087K, committed 100136K, reserved 1136640K
  class space    used 11697K, capacity 12648K, committed 12672K, reserved 1048576K
Event: 33.775 GC heap after
Heap after GC invocations=14 (full 3):
 PSYoungGen      total 1367552K, used 30192K [0x000000076ab00000, 0x00000007c0000000, 0x00000007c0000000)
  eden space 1337344K, 0% used [0x000000076ab00000,0x000000076ab00000,0x00000007bc500000)
  from space 30208K, 99% used [0x00000007bc500000,0x00000007be27c290,0x00000007be280000)
  to   space 30208K, 0% used [0x00000007be280000,0x00000007be280000,0x00000007c0000000)
 ParOldGen       total 124416K, used 48802K [0x00000006c0000000, 0x00000006c7980000, 0x000000076ab00000)
  object space 124416K, 39% used [0x00000006c0000000,0x00000006c2fa89d8,0x00000006c7980000)
 Metaspace       used 94485K, capacity 100087K, committed 100136K, reserved 1136640K
  class space    used 11697K, capacity 12648K, committed 12672K, reserved 1048576K
}
Event: 33.775 GC heap before
{Heap before GC invocations=15 (full 4):
 PSYoungGen      total 1367552K, used 30192K [0x000000076ab00000, 0x00000007c0000000, 0x00000007c0000000)
  eden space 1337344K, 0% used [0x000000076ab00000,0x000000076ab00000,0x00000007bc500000)
  from space 30208K, 99% used [0x00000007bc500000,0x00000007be27c290,0x00000007be280000)
  to   space 30208K, 0% used [0x00000007be280000,0x00000007be280000,0x00000007c0000000)
 ParOldGen       total 124416K, used 48802K [0x00000006c0000000, 0x00000006c7980000, 0x000000076ab00000)
  object space 124416K, 39% used [0x00000006c0000000,0x00000006c2fa89d8,0x00000006c7980000)
 Metaspace       used 94485K, capacity 100087K, committed 100136K, reserved 1136640K
  class space    used 11697K, capacity 12648K, committed 12672K, reserved 1048576K
Event: 33.961 GC heap after
Heap after GC invocations=15 (full 4):
 PSYoungGen      total 1367552K, used 0K [0x000000076ab00000, 0x00000007c0000000, 0x00000007c0000000)
  eden space 1337344K, 0% used [0x000000076ab00000,0x000000076ab00000,0x00000007bc500000)
  from space 30208K, 0% used [0x00000007bc500000,0x00000007bc500000,0x00000007be280000)
  to   space 30208K, 0% used [0x00000007be280000,0x00000007be280000,0x00000007c0000000)
 ParOldGen       total 184832K, used 67365K [0x00000006c0000000, 0x00000006cb480000, 0x000000076ab00000)
  object space 184832K, 36% used [0x00000006c0000000,0x00000006c41c9558,0x00000006cb480000)
 Metaspace       used 94434K, capacity 99943K, committed 100136K, reserved 1136640K
  class space    used 11681K, capacity 12620K, committed 12672K, reserved 1048576K
}

Deoptimization events (10 events):
Event: 1387.455 Thread 0x0000000026146000 Uncommon trap: reason=class_check action=maybe_recompile pc=0x0000000005cee0ec method=org.apache.ibatis.scripting.xmltags.DynamicContext$ContextAccessor.getProperty(Ljava/util/Map;Ljava/lang/Object;Ljava/lang/Object;)Ljava/lang/Object; @ 48
Event: 1387.455 Thread 0x0000000026146000 Uncommon trap: reason=class_check action=maybe_recompile pc=0x0000000005ce2e54 method=org.apache.ibatis.scripting.xmltags.DynamicContext$ContextAccessor.getProperty(Ljava/util/Map;Ljava/lang/Object;Ljava/lang/Object;)Ljava/lang/Object; @ 48
Event: 1387.472 Thread 0x0000000026146000 Uncommon trap: reason=unstable_if action=reinterpret pc=0x00000000061a4c8c method=org.apache.ibatis.logging.jdbc.PreparedStatementLogger.invoke(Ljava/lang/Object;Ljava/lang/reflect/Method;[Ljava/lang/Object;)Ljava/lang/Object; @ 155
Event: 1387.473 Thread 0x0000000026146000 Uncommon trap: reason=unstable_if action=reinterpret pc=0x0000000006064354 method=java.util.Calendar.setTimeInMillis(J)V @ 20
Event: 1387.476 Thread 0x0000000026146000 Uncommon trap: reason=unloaded action=reinterpret pc=0x0000000005741bf0 method=com.mysql.cj.protocol.result.AbstractResultsetRow.decodeAndCreateReturnValue(I[BIILcom/mysql/cj/result/ValueFactory;)Ljava/lang/Object; @ 610
Event: 1387.991 Thread 0x0000000020463800 Uncommon trap: reason=bimorphic action=maybe_recompile pc=0x00000000055fc818 method=java.util.regex.Pattern$CharProperty.study(Ljava/util/regex/Pattern$TreeInfo;)Z @ 25
Event: 1387.991 Thread 0x0000000020463800 Uncommon trap: reason=bimorphic action=maybe_recompile pc=0x00000000055fc818 method=java.util.regex.Pattern$CharProperty.study(Ljava/util/regex/Pattern$TreeInfo;)Z @ 25
Event: 1387.991 Thread 0x0000000020463800 Uncommon trap: reason=bimorphic action=maybe_recompile pc=0x00000000055fc818 method=java.util.regex.Pattern$CharProperty.study(Ljava/util/regex/Pattern$TreeInfo;)Z @ 25
Event: 1387.991 Thread 0x0000000020463800 Uncommon trap: reason=bimorphic action=maybe_recompile pc=0x00000000055fc818 method=java.util.regex.Pattern$CharProperty.study(Ljava/util/regex/Pattern$TreeInfo;)Z @ 25
Event: 1388.002 Thread 0x0000000026971000 Uncommon trap: reason=unstable_if action=reinterpret pc=0x0000000004500c1c method=com.netflix.stats.distribution.DataBuffer.computePercentile(D)D @ 4

Classes redefined (0 events):
No events

Internal exceptions (10 events):
Event: 1380.577 Thread 0x0000000026140000 Exception <a 'java/io/FileNotFoundException'> (0x00000007af9ff578) thrown at [C:\re\workspace\8-2-build-windows-amd64-cygwin\jdk8u202\12323\hotspot\src\share\vm\prims\jni.cpp, line 710]
Event: 1380.577 Thread 0x0000000026140000 Exception <a 'java/io/FileNotFoundException'> (0x00000007af9ffb50) thrown at [C:\re\workspace\8-2-build-windows-amd64-cygwin\jdk8u202\12323\hotspot\src\share\vm\prims\jni.cpp, line 710]
Event: 1390.578 Thread 0x0000000026140000 Exception <a 'java/io/FileNotFoundException'> (0x00000007afa0bd40) thrown at [C:\re\workspace\8-2-build-windows-amd64-cygwin\jdk8u202\12323\hotspot\src\share\vm\prims\jni.cpp, line 710]
Event: 1390.578 Thread 0x0000000026140000 Exception <a 'java/io/FileNotFoundException'> (0x00000007afa0c318) thrown at [C:\re\workspace\8-2-build-windows-amd64-cygwin\jdk8u202\12323\hotspot\src\share\vm\prims\jni.cpp, line 710]
Event: 1400.579 Thread 0x0000000026140000 Exception <a 'java/io/FileNotFoundException'> (0x00000007afa18508) thrown at [C:\re\workspace\8-2-build-windows-amd64-cygwin\jdk8u202\12323\hotspot\src\share\vm\prims\jni.cpp, line 710]
Event: 1400.579 Thread 0x0000000026140000 Exception <a 'java/io/FileNotFoundException'> (0x00000007afa18ae0) thrown at [C:\re\workspace\8-2-build-windows-amd64-cygwin\jdk8u202\12323\hotspot\src\share\vm\prims\jni.cpp, line 710]
Event: 1410.584 Thread 0x0000000026140000 Exception <a 'java/io/FileNotFoundException'> (0x00000007afa24cd0) thrown at [C:\re\workspace\8-2-build-windows-amd64-cygwin\jdk8u202\12323\hotspot\src\share\vm\prims\jni.cpp, line 710]
Event: 1410.584 Thread 0x0000000026140000 Exception <a 'java/io/FileNotFoundException'> (0x00000007afa252a8) thrown at [C:\re\workspace\8-2-build-windows-amd64-cygwin\jdk8u202\12323\hotspot\src\share\vm\prims\jni.cpp, line 710]
Event: 1420.585 Thread 0x0000000026140000 Exception <a 'java/io/FileNotFoundException'> (0x00000007afa31498) thrown at [C:\re\workspace\8-2-build-windows-amd64-cygwin\jdk8u202\12323\hotspot\src\share\vm\prims\jni.cpp, line 710]
Event: 1420.585 Thread 0x0000000026140000 Exception <a 'java/io/FileNotFoundException'> (0x00000007afa31a70) thrown at [C:\re\workspace\8-2-build-windows-amd64-cygwin\jdk8u202\12323\hotspot\src\share\vm\prims\jni.cpp, line 710]

Events (10 events):
Event: 1426.832 Thread 0x000000001febc000 flushing nmethod 0x0000000004de6310
Event: 1426.836 Thread 0x000000001febc000 flushing nmethod 0x00000000053d3790
Event: 1426.857 Thread 0x000000001feb9000 flushing nmethod 0x000000000545f050
Event: 1426.857 Thread 0x000000001feb9000 flushing nmethod 0x00000000054827d0
Event: 1426.877 Thread 0x0000000020463800 Thread added: 0x0000000020463800
Event: 1426.877 Thread 0x0000000020463800 Thread exited: 0x0000000020463800
Event: 1427.357 Thread 0x0000000020468000 Thread added: 0x0000000020468000
Event: 1427.357 Thread 0x0000000020468000 Thread exited: 0x0000000020468000
Event: 1428.224 Thread 0x0000000020466800 Thread added: 0x0000000020466800
Event: 1428.225 Thread 0x0000000020466800 Thread exited: 0x0000000020466800


Dynamic libraries:
0x00007ff6493c0000 - 0x00007ff6493f7000 	C:\Program Files\Java\jdk1.8.0_202\bin\java.exe
0x00007ffdd58b0000 - 0x00007ffdd5a82000 	C:\Windows\SYSTEM32\ntdll.dll
0x00007ffdd2ce0000 - 0x00007ffdd2d8c000 	C:\Windows\System32\KERNEL32.DLL
0x00007ffdd1ce0000 - 0x00007ffdd1efd000 	C:\Windows\System32\KERNELBASE.dll
0x00007ffdd5660000 - 0x00007ffdd5702000 	C:\Windows\System32\ADVAPI32.dll
0x00007ffdd4e20000 - 0x00007ffdd4ebe000 	C:\Windows\System32\msvcrt.dll
0x00007ffdd4c20000 - 0x00007ffdd4c79000 	C:\Windows\System32\sechost.dll
0x00007ffdd2d90000 - 0x00007ffdd2eb1000 	C:\Windows\System32\RPCRT4.dll
0x00007ffdd4cb0000 - 0x00007ffdd4e15000 	C:\Windows\System32\USER32.dll
0x00007ffdd2a80000 - 0x00007ffdd2a9e000 	C:\Windows\System32\win32u.dll
0x00007ffdd2ec0000 - 0x00007ffdd2ef4000 	C:\Windows\System32\GDI32.dll
0x00007ffdd1b60000 - 0x00007ffdd1ce0000 	C:\Windows\System32\gdi32full.dll
0x00007ffdc8ba0000 - 0x00007ffdc8e1a000 	C:\Windows\WinSxS\amd64_microsoft.windows.common-controls_6595b64144ccf1df_6.0.14393.953_none_42151e83c686086b\COMCTL32.dll
0x00007ffdd4ec0000 - 0x00007ffdd5188000 	C:\Windows\System32\combase.dll
0x00007ffdd2aa0000 - 0x00007ffdd2b95000 	C:\Windows\System32\ucrtbase.dll
0x00007ffdd2960000 - 0x00007ffdd29ca000 	C:\Windows\System32\bcryptPrimitives.dll
0x00007ffdd4c80000 - 0x00007ffdd4cae000 	C:\Windows\System32\IMM32.DLL
0x00000000677b0000 - 0x0000000067882000 	C:\Program Files\Java\jdk1.8.0_202\jre\bin\msvcr100.dll
0x0000000066f00000 - 0x00000000677a5000 	C:\Program Files\Java\jdk1.8.0_202\jre\bin\server\jvm.dll
0x00007ffdd2c40000 - 0x00007ffdd2c63000 	C:\Windows\System32\WINMM.dll
0x00007ffdd1b10000 - 0x00007ffdd1b3b000 	C:\Windows\System32\WINMMBASE.dll
0x00007ffdd2910000 - 0x00007ffdd2952000 	C:\Windows\System32\cfgmgr32.dll
0x00007ffdc9de0000 - 0x00007ffdc9de9000 	C:\Windows\SYSTEM32\WSOCK32.dll
0x00007ffdd4ad0000 - 0x00007ffdd4b3a000 	C:\Windows\System32\WS2_32.dll
0x00007ffdd3380000 - 0x00007ffdd3388000 	C:\Windows\System32\PSAPI.DLL
0x00007ffdc8b50000 - 0x00007ffdc8b5a000 	C:\Windows\SYSTEM32\VERSION.dll
0x00007ffdcb580000 - 0x00007ffdcb58f000 	C:\Program Files\Java\jdk1.8.0_202\jre\bin\verify.dll
0x00007ffdbc870000 - 0x00007ffdbc899000 	C:\Program Files\Java\jdk1.8.0_202\jre\bin\java.dll
0x00007ffdbc5b0000 - 0x00007ffdbc5d3000 	C:\Program Files\Java\jdk1.8.0_202\jre\bin\instrument.dll
0x00007ffdc4210000 - 0x00007ffdc4226000 	C:\Program Files\Java\jdk1.8.0_202\jre\bin\zip.dll
0x00007ffdd3400000 - 0x00007ffdd4908000 	C:\Windows\System32\SHELL32.dll
0x00007ffdd1f00000 - 0x00007ffdd25d8000 	C:\Windows\System32\windows.storage.dll
0x00007ffdd26f0000 - 0x00007ffdd273c000 	C:\Windows\System32\powrprof.dll
0x00007ffdd3040000 - 0x00007ffdd3092000 	C:\Windows\System32\shlwapi.dll
0x00007ffdd1af0000 - 0x00007ffdd1aff000 	C:\Windows\System32\kernel.appcore.dll
0x00007ffdd29d0000 - 0x00007ffdd2a79000 	C:\Windows\System32\shcore.dll
0x00007ffdd1b40000 - 0x00007ffdd1b54000 	C:\Windows\System32\profapi.dll
0x00007ffdbc590000 - 0x00007ffdbc5aa000 	C:\Program Files\JetBrains\IntelliJ IDEA Community Edition 2022.2.3\bin\breakgen64.dll
0x00007ffdc39b0000 - 0x00007ffdc39ca000 	C:\Program Files\Java\jdk1.8.0_202\jre\bin\net.dll
0x00007ffdc75b0000 - 0x00007ffdc7773000 	C:\Windows\SYSTEM32\urlmon.dll
0x00007ffdcc240000 - 0x00007ffdcc4e5000 	C:\Windows\SYSTEM32\iertutil.dll
0x00007ffdd13c0000 - 0x00007ffdd141c000 	C:\Windows\system32\mswsock.dll
0x00007ffdd1140000 - 0x00007ffdd1178000 	C:\Windows\SYSTEM32\IPHLPAPI.DLL
0x00007ffdd31c0000 - 0x00007ffdd31c8000 	C:\Windows\System32\NSI.dll
0x00007ffdcdb60000 - 0x00007ffdcdb76000 	C:\Windows\SYSTEM32\dhcpcsvc6.DLL
0x00007ffdcca90000 - 0x00007ffdccaaa000 	C:\Windows\SYSTEM32\dhcpcsvc.DLL
0x00007ffdd1180000 - 0x00007ffdd1221000 	C:\Windows\SYSTEM32\DNSAPI.dll
0x00007ffdcf700000 - 0x00007ffdcf70a000 	C:\Windows\System32\rasadhlp.dll
0x00007ffdbd8b0000 - 0x00007ffdbd8bd000 	C:\Program Files\Java\jdk1.8.0_202\jre\bin\management.dll
0x00007ffdca5f0000 - 0x00007ffdca606000 	C:\Windows\system32\napinsp.dll
0x00007ffdca610000 - 0x00007ffdca61e000 	C:\Windows\System32\winrnr.dll
0x00007ffdcdbf0000 - 0x00007ffdcdc08000 	C:\Windows\system32\NLAapi.dll
0x00007ffdcdf00000 - 0x00007ffdcdf6a000 	C:\Windows\System32\fwpuclnt.dll
0x00007ffdd1a40000 - 0x00007ffdd1a6b000 	C:\Windows\SYSTEM32\bcrypt.dll
0x00007ffdc3460000 - 0x00007ffdc3472000 	C:\Program Files\Java\jdk1.8.0_202\jre\bin\nio.dll
0x00007ffdd1560000 - 0x00007ffdd1577000 	C:\Windows\SYSTEM32\CRYPTSP.dll
0x00007ffdd0fc0000 - 0x00007ffdd0ff3000 	C:\Windows\system32\rsaenh.dll
0x00007ffdd1240000 - 0x00007ffdd125f000 	C:\Windows\SYSTEM32\USERENV.dll
0x00007ffdd1580000 - 0x00007ffdd158b000 	C:\Windows\SYSTEM32\CRYPTBASE.dll
0x00007ffdbc520000 - 0x00007ffdbc544000 	C:\Program Files\Java\jdk1.8.0_202\jre\bin\sunec.dll
0x00007ffdbc580000 - 0x00007ffdbc58b000 	C:\Program Files\Java\jdk1.8.0_202\jre\bin\sunmscapi.dll
0x00007ffdd2740000 - 0x00007ffdd2909000 	C:\Windows\System32\CRYPT32.dll
0x00007ffdd1b00000 - 0x00007ffdd1b10000 	C:\Windows\System32\MSASN1.dll
0x00007ffdc7410000 - 0x00007ffdc75a2000 	C:\Windows\system32\DBGHELP.DLL
0x00007ffdc73e0000 - 0x00007ffdc7409000 	C:\Windows\SYSTEM32\dbgcore.DLL

VM Arguments:
jvm_args: -javaagent:C:\Program Files\JetBrains\IntelliJ IDEA Community Edition 2022.2.3\lib\idea_rt.jar=50178:C:\Program Files\JetBrains\IntelliJ IDEA Community Edition 2022.2.3\bin -Dfile.encoding=UTF-8 
java_command: com.carbon.system.SystemApplication
java_class_path (initial): C:\Program Files\Java\jdk1.8.0_202\jre\lib\charsets.jar;C:\Program Files\Java\jdk1.8.0_202\jre\lib\deploy.jar;C:\Program Files\Java\jdk1.8.0_202\jre\lib\ext\access-bridge-64.jar;C:\Program Files\Java\jdk1.8.0_202\jre\lib\ext\cldrdata.jar;C:\Program Files\Java\jdk1.8.0_202\jre\lib\ext\dnsns.jar;C:\Program Files\Java\jdk1.8.0_202\jre\lib\ext\jaccess.jar;C:\Program Files\Java\jdk1.8.0_202\jre\lib\ext\jfxrt.jar;C:\Program Files\Java\jdk1.8.0_202\jre\lib\ext\localedata.jar;C:\Program Files\Java\jdk1.8.0_202\jre\lib\ext\nashorn.jar;C:\Program Files\Java\jdk1.8.0_202\jre\lib\ext\sunec.jar;C:\Program Files\Java\jdk1.8.0_202\jre\lib\ext\sunjce_provider.jar;C:\Program Files\Java\jdk1.8.0_202\jre\lib\ext\sunmscapi.jar;C:\Program Files\Java\jdk1.8.0_202\jre\lib\ext\sunpkcs11.jar;C:\Program Files\Java\jdk1.8.0_202\jre\lib\ext\zipfs.jar;C:\Program Files\Java\jdk1.8.0_202\jre\lib\javaws.jar;C:\Program Files\Java\jdk1.8.0_202\jre\lib\jce.jar;C:\Program Files\Java\jdk1.8.0_202\jre\lib\jfr.jar;C:\Program Files\Java\jdk1.8.0_202\jre\lib\jfxswt.jar;C:\Program Files\Java\jdk1.8.0_202\jre\lib\jsse.jar;C:\Program Files\Java\jdk1.8.0_202\jre\lib\management-agent.jar;C:\Program Files\Java\jdk1.8.0_202\jre\lib\plugin.jar;C:\Program Files\Java\jdk1.8.0_202\jre\lib\resources.jar;C:\Program Files\Java\jdk1.8.0_202\jre\lib\rt.jar;C:\Users\Administrator\Desktop\carbon\carbon-system\target\classes;C:\Users\Administrator\.m2\repository\com\squareup\okhttp3\okhttp\3.10.0\okhttp-3.10.0.jar;C:\Users\Administrator\.m2\repository\com\squareup\okio\okio\1.14.0\okio-1.14.0.jar;C:\Users\Administrator\Desktop\carbon\carbon-frame\carbon-common\target\classes;C:\Users\Administrator\Desktop\carbon\carbon-frame\carbon-common-model\target\classes;C:\Users\Administrator\.m2\repository\org\springframework\boot\spring-boot-starter-validation\2.3.3.RELEASE\spring-boot-starter-validation-2.3.3.RELEASE.jar;C:\Users\Administrator\.m2\repository\org\glassfish\jakarta.el\3.0.3\jakarta.el-3.0.
Launcher Type: SUN_STANDARD

Environment Variables:
JAVA_HOME=C:\Program Files\Java\jdk1.8.0_202
PATH=C:\Program Files (x86)\Common Files\Oracle\Java\javapath;C:\Windows\system32;C:\Windows;C:\Windows\System32\Wbem;C:\Windows\System32\WindowsPowerShell\v1.0\;C:\Program Files\nodejs\;C:\Users\Administrator\AppData\Local\Microsoft\WindowsApps;C:\Program Files\Java\jdk1.8.0_202\bin;C:\Program Files\Java\jdk1.8.0_202\jdk\bin;;C:\Users\Administrator\AppData\Local\Programs\Microsoft VS Code\bin;C:\Users\Administrator\AppData\Roaming\npm
USERNAME=Administrator
OS=Windows_NT
PROCESSOR_IDENTIFIER=Intel64 Family 6 Model 85 Stepping 7, GenuineIntel



---------------  S Y S T E M  ---------------

OS: Windows 10.0 , 64 bit Build 14393 (10.0.14393.1198)

CPU:total 8 (initial active 8) (4 cores per cpu, 2 threads per core) family 6 model 85 stepping 7, cmov, cx8, fxsr, mmx, sse, sse2, sse3, ssse3, sse4.1, sse4.2, popcnt, avx, avx2, aes, clmul, erms, rtm, 3dnowpref, lzcnt, ht, tsc, tscinvbit, bmi1, bmi2, adx

Memory: 4k page, physical 16776308k(597544k free), swap 21954928k(4192k free)

vm_info: Java HotSpot(TM) 64-Bit Server VM (25.202-b08) for windows-amd64 JRE (1.8.0_202-b08), built on Dec 15 2018 19:54:30 by "java_re" with MS VC++ 10.0 (VS2010)

time: Thu Oct 20 14:55:38 2022
timezone: 中国标准时间
elapsed time: 1428 seconds (0d 0h 23m 48s)

